This file contains any messages produced by compilers while
running configure, to aid debugging if configure makes a mistake.

It was created by nDPI configure 1.4.0, which was
generated by GNU Autoconf 2.65.  Invocation command line was

  $ ./configure --no-create --no-recursion

## --------- ##
## Platform. ##
## --------- ##

hostname = VM
uname -m = i686
uname -r = 2.6.36.4
uname -s = Linux
uname -v = #2 SMP Thu Jun 26 17:57:37 CST 2014

/usr/bin/uname -p = unknown
/bin/uname -X     = unknown

/bin/arch              = unknown
/usr/bin/arch -k       = unknown
/usr/convex/getsysinfo = unknown
/usr/bin/hostinfo      = unknown
/bin/machine           = unknown
/usr/bin/oslevel       = unknown
/bin/universe          = unknown

PATH: /usr/local/sbin
PATH: /usr/local/bin
PATH: /usr/sbin
PATH: /usr/bin
PATH: /sbin
PATH: /bin
PATH: /usr/games


## ----------- ##
## Core tests. ##
## ----------- ##

configure:2338: checking for a BSD-compatible install
configure:2406: result: /usr/bin/install -c
configure:2417: checking whether build environment is sane
configure:2467: result: yes
configure:2608: checking for a thread-safe mkdir -p
configure:2647: result: /bin/mkdir -p
configure:2660: checking for gawk
configure:2676: found /usr/bin/gawk
configure:2687: result: gawk
configure:2698: checking whether make sets $(MAKE)
configure:2720: result: yes
configure:2830: checking build system type
configure:2844: result: i686-pc-linux-gnu
configure:2864: checking host system type
configure:2877: result: i686-pc-linux-gnu
configure:2909: checking for style of include used by make
configure:2937: result: GNU
configure:3007: checking for gcc
configure:3023: found /usr/bin/gcc
configure:3034: result: gcc
configure:3263: checking for C compiler version
configure:3272: gcc --version >&5
gcc (Ubuntu 4.4.3-4ubuntu5.1) 4.4.3
Copyright (C) 2009 Free Software Foundation, Inc.
This is free software; see the source for copying conditions.  There is NO
warranty; not even for MERCHANTABILITY or FITNESS FOR A PARTICULAR PURPOSE.

configure:3283: $? = 0
configure:3272: gcc -v >&5
Using built-in specs.
Target: i486-linux-gnu
Configured with: ../src/configure -v --with-pkgversion='Ubuntu 4.4.3-4ubuntu5.1' --with-bugurl=file:///usr/share/doc/gcc-4.4/README.Bugs --enable-languages=c,c++,fortran,objc,obj-c++ --prefix=/usr --enable-shared --enable-multiarch --enable-linker-build-id --with-system-zlib --libexecdir=/usr/lib --without-included-gettext --enable-threads=posix --with-gxx-include-dir=/usr/include/c++/4.4 --program-suffix=-4.4 --enable-nls --enable-clocale=gnu --enable-libstdcxx-debug --enable-plugin --enable-objc-gc --enable-targets=all --disable-werror --with-arch-32=i486 --with-tune=generic --enable-checking=release --build=i486-linux-gnu --host=i486-linux-gnu --target=i486-linux-gnu
Thread model: posix
gcc version 4.4.3 (Ubuntu 4.4.3-4ubuntu5.1) 
configure:3283: $? = 0
configure:3272: gcc -V >&5
gcc: '-V' option must have argument
configure:3283: $? = 1
configure:3272: gcc -qversion >&5
gcc: unrecognized option '-qversion'
gcc: no input files
configure:3283: $? = 1
configure:3303: checking whether the C compiler works
configure:3325: gcc    conftest.c  >&5
configure:3329: $? = 0
configure:3378: result: yes
configure:3381: checking for C compiler default output file name
configure:3383: result: a.out
configure:3389: checking for suffix of executables
configure:3396: gcc -o conftest    conftest.c  >&5
configure:3400: $? = 0
configure:3422: result: 
configure:3444: checking whether we are cross compiling
configure:3452: gcc -o conftest    conftest.c  >&5
configure:3456: $? = 0
configure:3463: ./conftest
configure:3467: $? = 0
configure:3482: result: no
configure:3487: checking for suffix of object files
configure:3509: gcc -c   conftest.c >&5
configure:3513: $? = 0
configure:3534: result: o
configure:3538: checking whether we are using the GNU C compiler
configure:3557: gcc -c   conftest.c >&5
configure:3557: $? = 0
configure:3566: result: yes
configure:3575: checking whether gcc accepts -g
configure:3595: gcc -c -g  conftest.c >&5
configure:3595: $? = 0
configure:3636: result: yes
configure:3653: checking for gcc option to accept ISO C89
configure:3717: gcc  -c -g -O2  conftest.c >&5
configure:3717: $? = 0
configure:3730: result: none needed
configure:3752: checking dependency style of gcc
configure:3862: result: gcc3
configure:3877: checking for a sed that does not truncate output
configure:3941: result: /bin/sed
configure:3959: checking for grep that handles long lines and -e
configure:4017: result: /bin/grep
configure:4022: checking for egrep
configure:4084: result: /bin/grep -E
configure:4089: checking for fgrep
configure:4151: result: /bin/grep -F
configure:4186: checking for ld used by gcc
configure:4253: result: /usr/bin/ld
configure:4260: checking if the linker (/usr/bin/ld) is GNU ld
configure:4275: result: yes
configure:4287: checking for BSD- or MS-compatible name lister (nm)
configure:4336: result: /usr/bin/nm -B
configure:4454: checking the name lister (/usr/bin/nm -B) interface
configure:4461: gcc -c -g -O2  conftest.c >&5
configure:4464: /usr/bin/nm -B "conftest.o"
configure:4467: output
00000000 B some_variable
configure:4474: result: BSD nm
configure:4477: checking whether ln -s works
configure:4481: result: yes
configure:4489: checking the maximum length of command line arguments
configure:4609: result: 805306365
configure:4626: checking whether the shell understands some XSI constructs
configure:4636: result: yes
configure:4640: checking whether the shell understands "+="
configure:4646: result: yes
configure:4681: checking for /usr/bin/ld option to reload object files
configure:4688: result: -r
configure:4757: checking for objdump
configure:4773: found /usr/bin/objdump
configure:4784: result: objdump
configure:4816: checking how to recognize dependent libraries
configure:5012: result: pass_all
configure:5072: checking for ar
configure:5088: found /usr/bin/ar
configure:5099: result: ar
configure:5177: checking for strip
configure:5193: found /usr/bin/strip
configure:5204: result: strip
configure:5276: checking for ranlib
configure:5292: found /usr/bin/ranlib
configure:5303: result: ranlib
configure:5393: checking command to parse /usr/bin/nm -B output from gcc object
configure:5511: gcc -c -g -O2  conftest.c >&5
configure:5514: $? = 0
configure:5518: /usr/bin/nm -B conftest.o \| sed -n -e 's/^.*[	 ]\([ABCDGIRSTW][ABCDGIRSTW]*\)[	 ][	 ]*\([_A-Za-z][_A-Za-z0-9]*\)$/\1 \2 \2/p' \> conftest.nm
configure:5521: $? = 0
configure:5575: gcc -o conftest -g -O2   conftest.c conftstm.o >&5
configure:5578: $? = 0
configure:5616: result: ok
configure:6425: checking how to run the C preprocessor
configure:6456: gcc -E  conftest.c
configure:6456: $? = 0
configure:6470: gcc -E  conftest.c
conftest.c:11:28: error: ac_nonexistent.h: No such file or directory
configure:6470: $? = 1
configure: failed program was:
| /* confdefs.h */
| #define PACKAGE_NAME "nDPI"
| #define PACKAGE_TARNAME "ndpi"
| #define PACKAGE_VERSION "1.4.0"
| #define PACKAGE_STRING "nDPI 1.4.0"
| #define PACKAGE_BUGREPORT ""
| #define PACKAGE_URL ""
| #define PACKAGE "ndpi"
| #define VERSION "1.4.0"
| /* end confdefs.h.  */
| #include <ac_nonexistent.h>
configure:6495: result: gcc -E
configure:6515: gcc -E  conftest.c
configure:6515: $? = 0
configure:6529: gcc -E  conftest.c
conftest.c:11:28: error: ac_nonexistent.h: No such file or directory
configure:6529: $? = 1
configure: failed program was:
| /* confdefs.h */
| #define PACKAGE_NAME "nDPI"
| #define PACKAGE_TARNAME "ndpi"
| #define PACKAGE_VERSION "1.4.0"
| #define PACKAGE_STRING "nDPI 1.4.0"
| #define PACKAGE_BUGREPORT ""
| #define PACKAGE_URL ""
| #define PACKAGE "ndpi"
| #define VERSION "1.4.0"
| /* end confdefs.h.  */
| #include <ac_nonexistent.h>
configure:6558: checking for ANSI C header files
configure:6578: gcc -c -g -O2  conftest.c >&5
configure:6578: $? = 0
configure:6651: gcc -o conftest -g -O2   conftest.c  >&5
configure:6651: $? = 0
configure:6651: ./conftest
configure:6651: $? = 0
configure:6662: result: yes
configure:6675: checking for sys/types.h
configure:6675: gcc -c -g -O2  conftest.c >&5
configure:6675: $? = 0
configure:6675: result: yes
configure:6675: checking for sys/stat.h
configure:6675: gcc -c -g -O2  conftest.c >&5
configure:6675: $? = 0
configure:6675: result: yes
configure:6675: checking for stdlib.h
configure:6675: gcc -c -g -O2  conftest.c >&5
configure:6675: $? = 0
configure:6675: result: yes
configure:6675: checking for string.h
configure:6675: gcc -c -g -O2  conftest.c >&5
configure:6675: $? = 0
configure:6675: result: yes
configure:6675: checking for memory.h
configure:6675: gcc -c -g -O2  conftest.c >&5
configure:6675: $? = 0
configure:6675: result: yes
configure:6675: checking for strings.h
configure:6675: gcc -c -g -O2  conftest.c >&5
configure:6675: $? = 0
configure:6675: result: yes
configure:6675: checking for inttypes.h
configure:6675: gcc -c -g -O2  conftest.c >&5
configure:6675: $? = 0
configure:6675: result: yes
configure:6675: checking for stdint.h
configure:6675: gcc -c -g -O2  conftest.c >&5
configure:6675: $? = 0
configure:6675: result: yes
configure:6675: checking for unistd.h
configure:6675: gcc -c -g -O2  conftest.c >&5
configure:6675: $? = 0
configure:6675: result: yes
configure:6690: checking for dlfcn.h
configure:6690: gcc -c -g -O2  conftest.c >&5
configure:6690: $? = 0
configure:6690: result: yes
configure:6874: checking for objdir
configure:6889: result: .libs
configure:7185: checking if gcc supports -fno-rtti -fno-exceptions
configure:7203: gcc -c -g -O2  -fno-rtti -fno-exceptions conftest.c >&5
cc1: warning: command line option "-fno-rtti" is valid for C++/ObjC++ but not for C
configure:7207: $? = 0
configure:7220: result: no
configure:7240: checking for gcc option to produce PIC
configure:7512: result: -fPIC -DPIC
configure:7524: checking if gcc PIC flag -fPIC -DPIC works
configure:7542: gcc -c -g -O2  -fPIC -DPIC -DPIC conftest.c >&5
configure:7546: $? = 0
configure:7559: result: yes
configure:7583: checking if gcc static flag -static works
configure:7611: result: yes
configure:7626: checking if gcc supports -c -o file.o
configure:7647: gcc -c -g -O2  -o out/conftest2.o conftest.c >&5
configure:7651: $? = 0
configure:7673: result: yes
configure:7681: checking if gcc supports -c -o file.o
configure:7728: result: yes
configure:7761: checking whether the gcc linker (/usr/bin/ld) supports shared libraries
configure:8747: result: yes
configure:8784: checking whether -lc should be explicitly linked in
configure:8789: gcc -c -g -O2  conftest.c >&5
configure:8792: $? = 0
configure:8807: gcc -shared conftest.o  -v -Wl,-soname -Wl,conftest -o conftest 2\>\&1 \| /bin/grep  -lc  \>/dev/null 2\>\&1
configure:8810: $? = 0
configure:8822: result: no
configure:8986: checking dynamic linker characteristics
configure:9419: gcc -o conftest -g -O2   -Wl,-rpath -Wl,/foo conftest.c  >&5
configure:9419: $? = 0
configure:9640: result: GNU/Linux ld.so
configure:9742: checking how to hardcode library paths into programs
configure:9767: result: immediate
configure:10287: checking whether stripping libraries is possible
configure:10292: result: yes
configure:10327: checking if libtool supports shared libraries
configure:10329: result: yes
configure:10332: checking whether to build shared libraries
configure:10353: result: yes
configure:10356: checking whether to build static libraries
configure:10360: result: yes
configure:10444: checking for gcc
configure:10471: result: gcc
configure:10700: checking for C compiler version
configure:10709: gcc --version >&5
gcc (Ubuntu 4.4.3-4ubuntu5.1) 4.4.3
Copyright (C) 2009 Free Software Foundation, Inc.
This is free software; see the source for copying conditions.  There is NO
warranty; not even for MERCHANTABILITY or FITNESS FOR A PARTICULAR PURPOSE.

configure:10720: $? = 0
configure:10709: gcc -v >&5
Using built-in specs.
Target: i486-linux-gnu
Configured with: ../src/configure -v --with-pkgversion='Ubuntu 4.4.3-4ubuntu5.1' --with-bugurl=file:///usr/share/doc/gcc-4.4/README.Bugs --enable-languages=c,c++,fortran,objc,obj-c++ --prefix=/usr --enable-shared --enable-multiarch --enable-linker-build-id --with-system-zlib --libexecdir=/usr/lib --without-included-gettext --enable-threads=posix --with-gxx-include-dir=/usr/include/c++/4.4 --program-suffix=-4.4 --enable-nls --enable-clocale=gnu --enable-libstdcxx-debug --enable-plugin --enable-objc-gc --enable-targets=all --disable-werror --with-arch-32=i486 --with-tune=generic --enable-checking=release --build=i486-linux-gnu --host=i486-linux-gnu --target=i486-linux-gnu
Thread model: posix
gcc version 4.4.3 (Ubuntu 4.4.3-4ubuntu5.1) 
configure:10720: $? = 0
configure:10709: gcc -V >&5
gcc: '-V' option must have argument
configure:10720: $? = 1
configure:10709: gcc -qversion >&5
gcc: unrecognized option '-qversion'
gcc: no input files
configure:10720: $? = 1
configure:10724: checking whether we are using the GNU C compiler
configure:10752: result: yes
configure:10761: checking whether gcc accepts -g
configure:10822: result: yes
configure:10839: checking for gcc option to accept ISO C89
configure:10916: result: none needed
configure:10938: checking dependency style of gcc
configure:11048: result: gcc3
configure:11092: checking netinet/in.h usability
configure:11092: gcc -c -g -O2  conftest.c >&5
configure:11092: $? = 0
configure:11092: result: yes
configure:11092: checking netinet/in.h presence
configure:11092: gcc -E  conftest.c
configure:11092: $? = 0
configure:11092: result: yes
configure:11092: checking for netinet/in.h
configure:11092: result: yes
configure:11092: checking for stdint.h
configure:11092: result: yes
configure:11092: checking for stdlib.h
configure:11092: result: yes
configure:11092: checking for string.h
configure:11092: result: yes
configure:11092: checking for unistd.h
configure:11092: result: yes
configure:11235: creating ./config.status

## ---------------- ##
## Cache variables. ##
## ---------------- ##

ac_cv_build=i686-pc-linux-gnu
ac_cv_c_compiler_gnu=yes
ac_cv_env_CC_set=
ac_cv_env_CC_value=
ac_cv_env_CFLAGS_set=
ac_cv_env_CFLAGS_value=
ac_cv_env_CPPFLAGS_set=
ac_cv_env_CPPFLAGS_value=
ac_cv_env_CPP_set=
ac_cv_env_CPP_value=
ac_cv_env_LDFLAGS_set=
ac_cv_env_LDFLAGS_value=
ac_cv_env_LIBS_set=
ac_cv_env_LIBS_value=
ac_cv_env_build_alias_set=
ac_cv_env_build_alias_value=
ac_cv_env_host_alias_set=
ac_cv_env_host_alias_value=
ac_cv_env_target_alias_set=
ac_cv_env_target_alias_value=
ac_cv_header_dlfcn_h=yes
ac_cv_header_inttypes_h=yes
ac_cv_header_memory_h=yes
ac_cv_header_netinet_in_h=yes
ac_cv_header_stdc=yes
ac_cv_header_stdint_h=yes
ac_cv_header_stdlib_h=yes
ac_cv_header_string_h=yes
ac_cv_header_strings_h=yes
ac_cv_header_sys_stat_h=yes
ac_cv_header_sys_types_h=yes
ac_cv_header_unistd_h=yes
ac_cv_host=i686-pc-linux-gnu
ac_cv_objext=o
ac_cv_path_EGREP='/bin/grep -E'
ac_cv_path_FGREP='/bin/grep -F'
ac_cv_path_GREP=/bin/grep
ac_cv_path_SED=/bin/sed
ac_cv_path_install='/usr/bin/install -c'
ac_cv_path_mkdir=/bin/mkdir
ac_cv_prog_AWK=gawk
ac_cv_prog_CPP='gcc -E'
ac_cv_prog_ac_ct_AR=ar
ac_cv_prog_ac_ct_CC=gcc
ac_cv_prog_ac_ct_OBJDUMP=objdump
ac_cv_prog_ac_ct_RANLIB=ranlib
ac_cv_prog_ac_ct_STRIP=strip
ac_cv_prog_cc_c89=
ac_cv_prog_cc_g=yes
ac_cv_prog_make_make_set=yes
am_cv_CC_dependencies_compiler_type=gcc3
lt_cv_deplibs_check_method=pass_all
lt_cv_file_magic_cmd='$MAGIC_CMD'
lt_cv_file_magic_test_file=
lt_cv_ld_reload_flag=-r
lt_cv_nm_interface='BSD nm'
lt_cv_objdir=.libs
lt_cv_path_LD=/usr/bin/ld
lt_cv_path_NM='/usr/bin/nm -B'
lt_cv_prog_compiler_c_o=yes
lt_cv_prog_compiler_pic_works=yes
lt_cv_prog_compiler_rtti_exceptions=no
lt_cv_prog_compiler_static_works=yes
lt_cv_prog_gnu_ld=yes
lt_cv_sys_global_symbol_pipe='sed -n -e '\''s/^.*[	 ]\([ABCDGIRSTW][ABCDGIRSTW]*\)[	 ][	 ]*\([_A-Za-z][_A-Za-z0-9]*\)$/\1 \2 \2/p'\'''
lt_cv_sys_global_symbol_to_c_name_address='sed -n -e '\''s/^: \([^ ]*\) $/  {\"\1\", (void *) 0},/p'\'' -e '\''s/^[ABCDGIRSTW]* \([^ ]*\) \([^ ]*\)$/  {"\2", (void *) \&\2},/p'\'''
lt_cv_sys_global_symbol_to_c_name_address_lib_prefix='sed -n -e '\''s/^: \([^ ]*\) $/  {\"\1\", (void *) 0},/p'\'' -e '\''s/^[ABCDGIRSTW]* \([^ ]*\) \(lib[^ ]*\)$/  {"\2", (void *) \&\2},/p'\'' -e '\''s/^[ABCDGIRSTW]* \([^ ]*\) \([^ ]*\)$/  {"lib\2", (void *) \&\2},/p'\'''
lt_cv_sys_global_symbol_to_cdecl='sed -n -e '\''s/^T .* \(.*\)$/extern int \1();/p'\'' -e '\''s/^[ABCDGIRSTW]* .* \(.*\)$/extern char \1;/p'\'''
lt_cv_sys_max_cmd_len=805306365

## ----------------- ##
## Output variables. ##
## ----------------- ##

ACLOCAL='${SHELL} /root/code/nDPI/missing --run aclocal-1.11'
AMDEPBACKSLASH='\'
AMDEP_FALSE='#'
AMDEP_TRUE=''
AMTAR='${SHELL} /root/code/nDPI/missing --run tar'
AR='ar'
AUTOCONF='${SHELL} /root/code/nDPI/missing --run autoconf'
AUTOHEADER='${SHELL} /root/code/nDPI/missing --run autoheader'
AUTOMAKE='${SHELL} /root/code/nDPI/missing --run automake-1.11'
AWK='gawk'
CC='gcc'
CCDEPMODE='depmode=gcc3'
CFLAGS='-g -O2'
CPP='gcc -E'
CPPFLAGS=''
CYGPATH_W='echo'
DEFS='-DHAVE_CONFIG_H'
DEPDIR='.deps'
DSYMUTIL=''
DUMPBIN=''
ECHO_C=''
ECHO_N='-n'
ECHO_T=''
EGREP='/bin/grep -E'
EXEEXT=''
FGREP='/bin/grep -F'
GREP='/bin/grep'
INSTALL_DATA='${INSTALL} -m 644'
INSTALL_PROGRAM='${INSTALL}'
INSTALL_SCRIPT='${INSTALL}'
INSTALL_STRIP_PROGRAM='$(install_sh) -c -s'
LD='/usr/bin/ld'
LDFLAGS=''
LIBOBJS=''
LIBS=''
LIBTOOL='$(SHELL) $(top_builddir)/libtool'
LIPO=''
LN_S='ln -s'
LTLIBOBJS=''
MAKEINFO='${SHELL} /root/code/nDPI/missing --run makeinfo'
MKDIR_P='/bin/mkdir -p'
NM='/usr/bin/nm -B'
NMEDIT=''
OBJDUMP='objdump'
OBJEXT='o'
OTOOL64=''
OTOOL=''
PACKAGE='ndpi'
PACKAGE_BUGREPORT=''
PACKAGE_NAME='nDPI'
PACKAGE_STRING='nDPI 1.4.0'
PACKAGE_TARNAME='ndpi'
PACKAGE_URL=''
PACKAGE_VERSION='1.4.0'
PATH_SEPARATOR=':'
PLATFORM_DEPENDENT=''
RANLIB='ranlib'
SED='/bin/sed'
SET_MAKE=''
SHELL='/bin/bash'
STRIP='strip'
SVN_DATE='2014-07-28 17:38:31 +0800 (Mon, 28 Jul 2014)'
SVN_RELEASE='7995'
VERSION='1.4.0'
ac_ct_CC='gcc'
ac_ct_DUMPBIN=''
am__EXEEXT_FALSE=''
am__EXEEXT_TRUE='#'
am__fastdepCC_FALSE='#'
am__fastdepCC_TRUE=''
am__include='include'
am__isrc=''
am__leading_dot='.'
am__quote=''
am__tar='${AMTAR} chof - "$$tardir"'
am__untar='${AMTAR} xf -'
bindir='${exec_prefix}/bin'
build='i686-pc-linux-gnu'
build_alias=''
build_cpu='i686'
build_os='linux-gnu'
build_vendor='pc'
datadir='${datarootdir}'
datarootdir='${prefix}/share'
docdir='${datarootdir}/doc/${PACKAGE_TARNAME}'
dvidir='${docdir}'
exec_prefix='${prefix}'
host='i686-pc-linux-gnu'
host_alias=''
host_cpu='i686'
host_os='linux-gnu'
host_vendor='pc'
htmldir='${docdir}'
includedir='${prefix}/include'
infodir='${datarootdir}/info'
install_sh='${SHELL} /root/code/nDPI/install-sh'
libdir='${exec_prefix}/lib'
libexecdir='${exec_prefix}/libexec'
localedir='${datarootdir}/locale'
localstatedir='${prefix}/var'
lt_ECHO='echo'
mandir='${datarootdir}/man'
mkdir_p='/bin/mkdir -p'
oldincludedir='/usr/include'
pdfdir='${docdir}'
prefix='/usr/local'
program_transform_name='s,x,x,'
psdir='${docdir}'
sbindir='${exec_prefix}/sbin'
sharedstatedir='${prefix}/com'
sysconfdir='${prefix}/etc'
target_alias=''

## ----------- ##
## confdefs.h. ##
## ----------- ##

/* confdefs.h */
#define PACKAGE_NAME "nDPI"
#define PACKAGE_TARNAME "ndpi"
#define PACKAGE_VERSION "1.4.0"
#define PACKAGE_STRING "nDPI 1.4.0"
#define PACKAGE_BUGREPORT ""
#define PACKAGE_URL ""
#define PACKAGE "ndpi"
#define VERSION "1.4.0"
#define STDC_HEADERS 1
#define HAVE_SYS_TYPES_H 1
#define HAVE_SYS_STAT_H 1
#define HAVE_STDLIB_H 1
#define HAVE_STRING_H 1
#define HAVE_MEMORY_H 1
#define HAVE_STRINGS_H 1
#define HAVE_INTTYPES_H 1
#define HAVE_STDINT_H 1
#define HAVE_UNISTD_H 1
#define HAVE_DLFCN_H 1
#define LT_OBJDIR ".libs/"
#define NDPI_SVN_RELEASE "r7995"
#define NDPI_SVN_DATE "2014-07-28 17:38:31 +0800 (Mon, 28 Jul 2014)"
#define HAVE_NETINET_IN_H 1
#define HAVE_STDINT_H 1
#define HAVE_STDLIB_H 1
#define HAVE_STRING_H 1
#define HAVE_UNISTD_H 1

configure: exit 0

## ---------------------- ##
## Running config.status. ##
## ---------------------- ##

This file was extended by nDPI config.status 1.4.0, which was
generated by GNU Autoconf 2.65.  Invocation command line was

  CONFIG_FILES    = 
  CONFIG_HEADERS  = 
  CONFIG_LINKS    = 
  CONFIG_COMMANDS = 
  $ ./config.status 

on VM

config.status:1075: creating Makefile
config.status:1075: creating src/lib/Makefile
config.status:1075: creating src/include/Makefile
config.status:1075: creating libndpi.pc
config.status:1075: creating config.h
config.status:1247: config.h is unchanged
config.status:1295: executing depfiles commands
config.status:1295: executing libtool commands

## ---------------------- ##
## Running config.status. ##
## ---------------------- ##

This file was extended by nDPI config.status 1.4.0, which was
generated by GNU Autoconf 2.65.  Invocation command line was

  CONFIG_FILES    = 
  CONFIG_HEADERS  = 
  CONFIG_LINKS    = 
  CONFIG_COMMANDS = 
  $ ./config.status config.h

on VM

config.status:1075: creating config.h
